2026-04-20 15:31:37,385 - INFO - Welcome to the e-commers store user@google.com
2026-04-20 21:43:22,088 - INFO - Welcome to the e-commers store karthik@gmail.com
2026-04-21 14:38:06,588 - INFO - Welcome to the e-commers store 132karthik143@gmail.com
2026-04-23 20:59:12,948 - INFO - Welcome to the e-commers store 132karthik@gmail.com
2026-04-23 21:09:18,269 - INFO - Welcome to the e-commers store 1karthik@gmail.com
2026-04-23 21:11:27,427 - INFO - Welcome to the e-commers store k@gmail.com
2026-04-23 21:15:31,077 - INFO - Welcome to the e-commers store ka@gmail.com
2026-04-23 21:28:50,079 - INFO - Welcome to the e-commers store kar@gmail.com
2026-04-23 21:34:42,774 - INFO - Welcome to the e-commers store pasulakarthik03@gmail.com
2026-04-23 21:49:07,620 - INFO - Welcome to the e-commers store pasulakarthik@gmail.com
2026-04-23 21:51:25,574 - INFO - Welcome to the e-commers store pasulakarthik3@gmail.com
2026-04-23 22:00:33,986 - INFO - Welcome to the e-commers store pasulakarthik30@gmail.com
2026-04-23 22:01:49,954 - INFO - Welcome to the e-commers store pasulakarthik310@gmail.com
2026-04-23 22:29:44,097 - INFO - Welcome to the e-commers store sri@gmail.com
2026-04-25 15:22:03,378 - INFO - order placed by the user with  gmail sri@gmail.com
2026-04-25 16:00:16,922 - INFO - Welcome to the e-commers store devi@gmail.com
2026-04-25 16:24:51,794 - INFO - order placed by the user with  gmail devi@gmail.com
2026-04-25 16:31:49,041 - INFO - order placed by the user with  gmail devi@gmail.com
2026-04-25 16:34:43,284 - INFO - order placed by the user with  gmail devi@gmail.com
2026-04-25 16:35:49,305 - INFO - order placed by the user with  gmail devi@gmail.com
2026-04-25 16:38:43,868 - INFO - order placed by the user with  gmail devi@gmail.com
2026-04-25 22:07:57,213 - INFO - order placed by the user with  gmail devi@gmail.com
2026-04-25 22:09:16,785 - INFO - order placed by the user with  gmail devi@gmail.com
2026-05-01 14:24:20,184 - INFO - Welcome to the e-commers store sriya@gmail.com
